<?xml version="1.0" encoding="UTF-8"?>
<!-- Generated by org.testng.reporters.JUnitReportReporter -->
<testsuite hostname="ARCHANA" failures="0" tests="1" name="TC_AddToCartVarifyQuantityAndTotalPrice" time="15.757" errors="0" timestamp="2024-03-28T19:11:24 IST" skipped="0">
  <testcase classname="TC_AddToCartVarifyQuantityAndTotalPrice" name="AddToCart" time="15.757"/>
  <system-out/>
</testsuite> <!-- TC_AddToCartVarifyQuantityAndTotalPrice -->
