<?xml version="1.0" encoding="UTF-8"?>
<!-- Generated by org.testng.reporters.JUnitReportReporter -->
<testsuite hostname="ARCHANA" failures="0" tests="1" name="TC_SignIn" time="12.810" errors="0" timestamp="2024-03-28T19:05:40 IST" skipped="0">
  <testcase classname="TC_SignIn" name="signin" time="12.810"/>
  <system-out/>
</testsuite> <!-- TC_SignIn -->
