<?xml version="1.0" encoding="UTF-8"?>
<!-- Generated by org.testng.reporters.JUnitReportReporter -->
<testsuite hostname="ARCHANA" failures="0" tests="1" name="LaunchChrome" time="34.978" errors="0" timestamp="2024-03-18T13:00:44 IST" skipped="0">
  <testcase classname="LaunchChrome" name="launch" time="34.978"/>
  <system-out/>
</testsuite> <!-- LaunchChrome -->
