<?xml version="1.0" encoding="UTF-8"?>
<!-- Generated by org.testng.reporters.JUnitReportReporter -->
<testsuite hostname="ARCHANA" failures="0" tests="1" name="SearchAndAddToCart" time="18.842" errors="0" timestamp="2024-03-28T19:09:04 IST" skipped="0">
  <testcase classname="SearchAndAddToCart" name="AddToCart" time="18.842"/>
  <system-out/>
</testsuite> <!-- SearchAndAddToCart -->
